
Showing logs for build [32mcb-kubecd-environment-pr-1314-4-4wc5n-1[0m stage [32mfrom-build-pack[0m and container [32mstep-credential-initializer-2j5lz[0m
{"level":"warn","ts":1585153553.3852131,"logger":"fallback-logger","caller":"logging/config.go:69","msg":"Fetch GitHub commit ID from kodata failed: \"ref: refs/heads/0.8.0-**-support-backwards-incompats\" is not a valid GitHub commit ID"}
{"level":"info","ts":1585153553.3858206,"logger":"fallback-logger","caller":"creds-init/main.go:40","msg":"Credentials initialized."}

Showing logs for build [32mcb-kubecd-environment-pr-1314-4-4wc5n-1[0m stage [32mfrom-build-pack[0m and container [32mstep-working-dir-initializer-hvx2n[0m
{"level":"warn","ts":1585153554.3278017,"logger":"fallback-logger","caller":"logging/config.go:69","msg":"Fetch GitHub commit ID from kodata failed: open /var/run/ko/HEAD: no such file or directory"}
{"level":"info","ts":1585153554.3292465,"logger":"fallback-logger","caller":"bash/main.go:64","msg":"Successfully executed command \"sh -c mkdir -p /workspace/source\"; output "}

Showing logs for build [32mcb-kubecd-environment-pr-1314-4-4wc5n-1[0m stage [32mfrom-build-pack[0m and container [32mstep-place-tools[0m

Showing logs for build [32mcb-kubecd-environment-pr-1314-4-4wc5n-1[0m stage [32mfrom-build-pack[0m and container [32mstep-git-source-cb-kubecd-environment-pr-1314-4-4wc5n-g587d[0m
{"level":"warn","ts":1585153559.5437014,"logger":"fallback-logger","caller":"logging/config.go:69","msg":"Fetch GitHub commit ID from kodata failed: \"ref: refs/heads/0.8.0-**-support-backwards-incompats\" is not a valid GitHub commit ID"}
{"level":"info","ts":1585153560.587526,"logger":"fallback-logger","caller":"git/git.go:103","msg":"Successfully cloned https://github.com/cb-kubecd/environment-pr-1314-4-bdd-frontend-staging.git @ master in path /workspace/source"}

Showing logs for build [32mcb-kubecd-environment-pr-1314-4-4wc5n-1[0m stage [32mfrom-build-pack[0m and container [32mstep-git-merge[0m
Using SHAs from PULL_REFS=master:08bc788d8c0221b891e5536fe7d30649a505058d,1:e6aa080da5eb3672c8a64e2a86be7f140acc1e0f
DEBUG: LC_ALL=C JX_LOG_LEVEL=error git fetch origin --unshallow e6aa080da5eb3672c8a64e2a86be7f140acc1e0f: 08bc788d8c0221b891e5536fe7d30649a505058d:
DEBUG: ran git fetch --unshallow origin e6aa080da5eb3672c8a64e2a86be7f140acc1e0f: 08bc788d8c0221b891e5536fe7d30649a505058d: in 
DEBUG: LC_ALL=C JX_LOG_LEVEL=error git branch
DEBUG: JX_LOG_LEVEL=error LC_ALL=C git checkout master
DEBUG: ran git checkout master in 
DEBUG: LC_ALL=C JX_LOG_LEVEL=error git reset --hard 08bc788d8c0221b891e5536fe7d30649a505058d
DEBUG: ran git reset --hard 08bc788d8c0221b891e5536fe7d30649a505058d in 
DEBUG: LC_ALL=C JX_LOG_LEVEL=error git clean -fd .
DEBUG: ran clean --force -d . in 
DEBUG: LC_ALL=C JX_LOG_LEVEL=error git merge e6aa080da5eb3672c8a64e2a86be7f140acc1e0f
DEBUG: ran git merge e6aa080da5eb3672c8a64e2a86be7f140acc1e0f in 
DEBUG: LC_ALL=C JX_LOG_LEVEL=error git log --format=%H%x1f%an%x1f%ae%x1f%cn%x1f%ce%x1f%s%n%b%x1e 08bc788d8c0221b891e5536fe7d30649a505058d..HEAD
Merged SHA e6aa080da5eb3672c8a64e2a86be7f140acc1e0f with commit message 'chore: Promote bdd-nh-1585152545 to version 0.0.1' into base branch master

Showing logs for build [32mcb-kubecd-environment-pr-1314-4-4wc5n-1[0m stage [32mfrom-build-pack[0m and container [32mstep-build-helm-build[0m
WARNING: No $CHART_REPOSITORY defined so using the default value of: http://jenkins-x-chartmuseum:8080
Adding missing Helm repo: storage.googleapis.com https://storage.googleapis.com/chartmuseum.jenkins-x.io
WARNING: No secrets found on "helm/repos" due: reading the secret "helm/repos" from vault: no secret "helm/repos" not found in vault
Read credentials for https://storage.googleapis.com/chartmuseum.jenkins-x.io from vault helm/repos
Successfully added Helm repository storage.googleapis.com.
Adding missing Helm repo: jenkins-x-chartmuseum http://jenkins-x-chartmuseum:8080
WARNING: No secrets found on "helm/repos" due: reading the secret "helm/repos" from vault: no secret "helm/repos" not found in vault
Read credentials for http://jenkins-x-chartmuseum:8080 from vault helm/repos
Successfully added Helm repository jenkins-x-chartmuseum.
WARNING: No $CHART_REPOSITORY defined so using the default value of: http://jenkins-x-chartmuseum:8080
Adding missing Helm repo: chartmuseum.jenkins-x.io http://chartmuseum.jenkins-x.io
WARNING: No secrets found on "helm/repos" due: reading the secret "helm/repos" from vault: no secret "helm/repos" not found in vault
Read credentials for http://chartmuseum.jenkins-x.io from vault helm/repos
Successfully added Helm repository chartmuseum.jenkins-x.io.
